<?xml version="1.0" encoding="UTF-8" ?>
<testsuite errors="0" failures="0" hostname="Bloodin" name="jUnitTests.CommandFactoryTest" tests="9" time="0.015" timestamp="2014-02-25T13:11:19">
  <properties>
[...]
</properties>
  <testcase classname="jUnitTests.CommandFactoryTest" name="createSecureSteps" time="0.003" />
  <testcase classname="jUnitTests.CommandFactoryTest" name="createSecureLogout" time="0.0" />
  <testcase classname="jUnitTests.CommandFactoryTest" name="createCommandSecureExcpetion" time="0.0" />
  <testcase classname="jUnitTests.CommandFactoryTest" name="createSecureRemoveSteps" time="0.0" />
  <testcase classname="jUnitTests.CommandFactoryTest" name="createSecureBill" time="0.0" />
  <testcase classname="jUnitTests.CommandFactoryTest" name="createSecureAddStep" time="0.0" />
  <testcase classname="jUnitTests.CommandFactoryTest" name="createCommandLogin" time="0.0" />
  <testcase classname="jUnitTests.CommandFactoryTest" name="createSecureCommandNotFound" time="0.0" />
  <testcase classname="jUnitTests.CommandFactoryTest" name="createCommandNotFound" time="0.0" />
  <system-out><![CDATA[]]></system-out>
  <system-err><![CDATA[]]></system-err>
</testsuite>
